  main.cpp
C:\Users\Akin Korkmaz\source\repos\SFML\SFML\main.cpp(14,35): warning C4305: 'argument': truncation from 'double' to 'T'
C:\Users\Akin Korkmaz\source\repos\SFML\SFML\main.cpp(14,35): warning C4305:         with
C:\Users\Akin Korkmaz\source\repos\SFML\SFML\main.cpp(14,35): warning C4305:         [
C:\Users\Akin Korkmaz\source\repos\SFML\SFML\main.cpp(14,35): warning C4305:             T=float
C:\Users\Akin Korkmaz\source\repos\SFML\SFML\main.cpp(14,35): warning C4305:         ]
C:\Users\Akin Korkmaz\source\repos\SFML\SFML\main.cpp(14,28): warning C4305: 'argument': truncation from 'double' to 'T'
C:\Users\Akin Korkmaz\source\repos\SFML\SFML\main.cpp(14,28): warning C4305:         with
C:\Users\Akin Korkmaz\source\repos\SFML\SFML\main.cpp(14,28): warning C4305:         [
C:\Users\Akin Korkmaz\source\repos\SFML\SFML\main.cpp(14,28): warning C4305:             T=float
C:\Users\Akin Korkmaz\source\repos\SFML\SFML\main.cpp(14,28): warning C4305:         ]
C:\Users\Akin Korkmaz\source\repos\SFML\SFML\main.cpp(15,38): warning C4305: 'argument': truncation from 'double' to 'T'
C:\Users\Akin Korkmaz\source\repos\SFML\SFML\main.cpp(15,38): warning C4305:         with
C:\Users\Akin Korkmaz\source\repos\SFML\SFML\main.cpp(15,38): warning C4305:         [
C:\Users\Akin Korkmaz\source\repos\SFML\SFML\main.cpp(15,38): warning C4305:             T=float
C:\Users\Akin Korkmaz\source\repos\SFML\SFML\main.cpp(15,38): warning C4305:         ]
C:\Users\Akin Korkmaz\source\repos\SFML\SFML\main.cpp(15,30): warning C4305: 'argument': truncation from 'double' to 'T'
C:\Users\Akin Korkmaz\source\repos\SFML\SFML\main.cpp(15,30): warning C4305:         with
C:\Users\Akin Korkmaz\source\repos\SFML\SFML\main.cpp(15,30): warning C4305:         [
C:\Users\Akin Korkmaz\source\repos\SFML\SFML\main.cpp(15,30): warning C4305:             T=float
C:\Users\Akin Korkmaz\source\repos\SFML\SFML\main.cpp(15,30): warning C4305:         ]
  Generating code
  1 of 81 functions ( 1.2%) were compiled, the rest were copied from previous compilation.
    0 functions were new in current compilation
    0 functions had inline decision re-evaluated but remain unchanged
  Finished generating code
  SFML.vcxproj -> C:\Users\Akin Korkmaz\source\repos\SFML\x64\Release\SFML.exe
